<?xml version="1.0" encoding="utf-8"?><testsuites name="pytest tests"><testsuite name="pytest" errors="0" failures="0" skipped="0" tests="24" time="7.111" timestamp="2026-04-28T07:44:00.380968+00:00" hostname="agent-env-f2fb925b-9fa5-43f1-835c-89b483133a82"><testcase classname="backend.tests.backend_test.TestAuth" name="test_login_admin" time="0.495" /><testcase classname="backend.tests.backend_test.TestAuth" name="test_login_petugas" time="0.329" /><testcase classname="backend.tests.backend_test.TestAuth" name="test_login_wrong_password" time="0.372" /><testcase classname="backend.tests.backend_test.TestAuth" name="test_me_with_token" time="0.465" /><testcase classname="backend.tests.backend_test.TestAuth" name="test_me_without_token" time="0.103" /><testcase classname="backend.tests.backend_test.TestPelanggan" name="test_list_seeded" time="0.139" /><testcase classname="backend.tests.backend_test.TestPelanggan" name="test_create_and_persist" time="0.302" /><testcase classname="backend.tests.backend_test.TestPelanggan" name="test_duplicate_ktp" time="0.120" /><testcase classname="backend.tests.backend_test.TestPelanggan" name="test_scan_known_qr" time="0.340" /><testcase classname="backend.tests.backend_test.TestPelanggan" name="test_scan_invalid_qr" time="0.577" /><testcase classname="backend.tests.backend_test.TestPencatatan" name="test_create_pencatatan_and_tagihan" time="0.821" /><testcase classname="backend.tests.backend_test.TestPencatatan" name="test_pencatatan_invalid_meter" time="0.223" /><testcase classname="backend.tests.backend_test.TestPencatatan" name="test_list_pencatatan_filter_rt" time="0.111" /><testcase classname="backend.tests.backend_test.TestTagihan" name="test_list_filters" time="0.217" /><testcase classname="backend.tests.backend_test.TestTagihan" name="test_bayar_full_lunas" time="0.212" /><testcase classname="backend.tests.backend_test.TestTagihan" name="test_bayar_partial_sebagian" time="0.262" /><testcase classname="backend.tests.backend_test.TestDashboardTren" name="test_dashboard_stats" time="0.129" /><testcase classname="backend.tests.backend_test.TestDashboardTren" name="test_tren_pemakaian" time="0.111" /><testcase classname="backend.tests.backend_test.TestDashboardTren" name="test_tren_anomali" time="0.103" /><testcase classname="backend.tests.backend_test.TestAdminOnly" name="test_tarif_list_both_roles" time="0.248" /><testcase classname="backend.tests.backend_test.TestAdminOnly" name="test_tarif_create_admin_only" time="0.211" /><testcase classname="backend.tests.backend_test.TestAdminOnly" name="test_petugas_admin_only" time="0.209" /><testcase classname="backend.tests.backend_test.TestAdminOnly" name="test_create_petugas" time="0.338" /><testcase classname="backend.tests.backend_test.TestAdminOnly" name="test_pengaturan_get_put" time="0.438" /></testsuite></testsuites>